<?xml version="1.0" encoding="UTF-8"?>
<testng-results skipped="0" failed="0" total="1" passed="1">
  <reporter-output>
  </reporter-output>
  <suite name="Default suite" duration-ms="12129" started-at="2020-06-08T11:26:43Z" finished-at="2020-06-08T11:26:55Z">
    <groups>
    </groups>
    <test name="Default test" duration-ms="12129" started-at="2020-06-08T11:26:43Z" finished-at="2020-06-08T11:26:55Z">
      <class name="Testing.Test.Test">
        <test-method status="PASS" signature="Openapp()[pri:0, instance:Testing.Test.Test@643b1d11]" name="Openapp" duration-ms="12103" started-at="2020-06-08T13:26:43Z" finished-at="2020-06-08T13:26:55Z">
          <reporter-output>
          </reporter-output>
        </test-method> <!-- Openapp -->
      </class> <!-- Testing.Test.Test -->
    </test> <!-- Default test -->
  </suite> <!-- Default suite -->
</testng-results>
